INFO:nlp_takehome.src.language_loader:Created the databases. The cipher databasecontains 29 records,the plain database contains 29 records.
INFO:nlp_takehome.src.enigma_decryption_model:Creating decryption model on cuda
INFO:nlp_takehome.src.enigma_decryption_model:Decryption model created
INFO:nlp_takehome.src.language_loader:Created the databases. The cipher databasecontains 29 records,the plain database contains 29 records.
INFO:nlp_takehome.src.enigma_decryption_model:Creating decryption model on cuda
INFO:nlp_takehome.src.enigma_decryption_model:Decryption model created
INFO:nlp_takehome.src.engine:Starting Training
INFO:nlp_takehome.src.engine:00:47:22.738357 Iteration: 0 out of 42000,Loss: 3.3729
INFO:nlp_takehome.src.engine:00:47:41.588443 Iteration: 100 out of 42000,Loss: 2.8639
INFO:nlp_takehome.src.engine:00:48:00.141491 Iteration: 200 out of 42000,Loss: 2.6567
INFO:nlp_takehome.src.engine:00:48:20.360083 Iteration: 300 out of 42000,Loss: 2.5404
INFO:nlp_takehome.src.engine:00:48:38.949742 Iteration: 400 out of 42000,Loss: 2.4045
INFO:nlp_takehome.src.engine:00:49:00.178745 Iteration: 500 out of 42000,Loss: 2.3376
INFO:nlp_takehome.src.engine:00:49:18.859004 Iteration: 600 out of 42000,Loss: 2.3011
INFO:nlp_takehome.src.engine:00:49:40.191724 Iteration: 700 out of 42000,Loss: 2.1497
INFO:nlp_takehome.src.engine:00:49:58.782946 Iteration: 800 out of 42000,Loss: 2.0793
INFO:nlp_takehome.src.engine:00:50:17.828011 Iteration: 900 out of 42000,Loss: 2.0381
INFO:nlp_takehome.src.engine:00:50:39.939248 Iteration: 1000 out of 42000,Loss: 2.051
INFO:nlp_takehome.src.engine:00:50:58.870537 Iteration: 1100 out of 42000,Loss: 2.058
INFO:nlp_takehome.src.engine:00:51:21.880971 Iteration: 1200 out of 42000,Loss: 2.0256
INFO:nlp_takehome.src.engine:00:51:40.869669 Iteration: 1300 out of 42000,Loss: 1.9686
INFO:nlp_takehome.src.engine:00:52:02.839121 Iteration: 1400 out of 42000,Loss: 1.9103
INFO:nlp_takehome.src.engine:00:52:25.039320 Iteration: 1500 out of 42000,Loss: 1.9384
INFO:nlp_takehome.src.engine:00:52:44.298300 Iteration: 1600 out of 42000,Loss: 1.884
INFO:nlp_takehome.src.engine:00:53:06.999491 Iteration: 1700 out of 42000,Loss: 1.9172
INFO:nlp_takehome.src.engine:00:53:28.283535 Iteration: 1800 out of 42000,Loss: 1.8646
INFO:nlp_takehome.src.engine:00:53:56.537905 Iteration: 1900 out of 42000,Loss: 1.8298
INFO:nlp_takehome.src.engine:00:54:18.495239 Iteration: 2000 out of 42000,Loss: 1.8426
INFO:nlp_takehome.src.engine:00:54:47.695276 Iteration: 2100 out of 42000,Loss: 1.7515
INFO:nlp_takehome.src.engine:00:55:16.301612 Iteration: 2200 out of 42000,Loss: 1.7631
INFO:nlp_takehome.src.engine:00:55:38.317115 Iteration: 2300 out of 42000,Loss: 1.7567
INFO:nlp_takehome.src.engine:00:56:10.820464 Iteration: 2400 out of 42000,Loss: 1.8453
INFO:nlp_takehome.src.engine:00:56:41.201813 Iteration: 2500 out of 42000,Loss: 1.7492
INFO:nlp_takehome.src.engine:00:57:00.694070 Iteration: 2600 out of 42000,Loss: 1.7936
INFO:nlp_takehome.src.engine:00:57:23.120995 Iteration: 2700 out of 42000,Loss: 1.7586
INFO:nlp_takehome.src.engine:00:57:46.293482 Iteration: 2800 out of 42000,Loss: 1.7663
INFO:nlp_takehome.src.engine:00:58:06.568327 Iteration: 2900 out of 42000,Loss: 1.8225
